<?xml version="1.0" encoding="utf-8"?><testsuites name="pytest tests"><testsuite name="pytest" errors="0" failures="0" skipped="0" tests="158" time="15.157" timestamp="2026-09-13T02:41:55.634468+08:00" hostname="xzz"><testcase classname="tests.test_geometry" name="test_mec_against_exhaustive_support[0]" time="0.007" /><testcase classname="tests.test_geometry" name="test_mec_against_exhaustive_support[1]" time="0.005" /><testcase classname="tests.test_geometry" name="test_mec_against_exhaustive_support[2]" time="0.005" /><testcase classname="tests.test_geometry" name="test_mec_against_exhaustive_support[3]" time="0.005" /><testcase classname="tests.test_geometry" name="test_mec_against_exhaustive_support[4]" time="0.004" /><testcase classname="tests.test_geometry" name="test_mec_against_exhaustive_support[5]" time="0.006" /><testcase classname="tests.test_geometry" name="test_mec_against_exhaustive_support[6]" time="0.005" /><testcase classname="tests.test_geometry" name="test_mec_against_exhaustive_support[7]" time="0.006" /><testcase classname="tests.test_geometry" name="test_mec_against_exhaustive_support[8]" time="0.004" /><testcase classname="tests.test_geometry" name="test_mec_against_exhaustive_support[9]" time="0.007" /><testcase classname="tests.test_geometry" name="test_mec_against_exhaustive_support[10]" time="0.007" /><testcase classname="tests.test_geometry" name="test_mec_against_exhaustive_support[11]" time="0.004" /><testcase classname="tests.test_geometry" name="test_mec_against_exhaustive_support[12]" time="0.009" /><testcase classname="tests.test_geometry" name="test_mec_against_exhaustive_support[13]" time="0.005" /><testcase classname="tests.test_geometry" name="test_mec_against_exhaustive_support[14]" time="0.005" /><testcase classname="tests.test_geometry" name="test_mec_against_exhaustive_support[15]" time="0.005" /><testcase classname="tests.test_geometry" name="test_mec_against_exhaustive_support[16]" time="0.004" /><testcase classname="tests.test_geometry" name="test_mec_against_exhaustive_support[17]" time="0.006" /><testcase classname="tests.test_geometry" name="test_mec_against_exhaustive_support[18]" time="0.005" /><testcase classname="tests.test_geometry" name="test_mec_against_exhaustive_support[19]" time="0.006" /><testcase classname="tests.test_geometry" name="test_mec_against_exhaustive_support[20]" time="0.005" /><testcase classname="tests.test_geometry" name="test_mec_against_exhaustive_support[21]" time="0.005" /><testcase classname="tests.test_geometry" name="test_mec_against_exhaustive_support[22]" time="0.005" /><testcase classname="tests.test_geometry" name="test_mec_against_exhaustive_support[23]" time="0.005" /><testcase classname="tests.test_geometry" name="test_mec_against_exhaustive_support[24]" time="0.004" /><testcase classname="tests.test_geometry" name="test_mec_against_exhaustive_support[25]" time="0.006" /><testcase classname="tests.test_geometry" name="test_mec_against_exhaustive_support[26]" time="0.005" /><testcase classname="tests.test_geometry" name="test_mec_against_exhaustive_support[27]" time="0.004" /><testcase classname="tests.test_geometry" name="test_mec_against_exhaustive_support[28]" time="0.006" /><testcase classname="tests.test_geometry" name="test_mec_against_exhaustive_support[29]" time="0.004" /><testcase classname="tests.test_geometry" name="test_calipers_against_all_pairs[0]" time="0.005" /><testcase classname="tests.test_geometry" name="test_calipers_against_all_pairs[1]" time="0.004" /><testcase classname="tests.test_geometry" name="test_calipers_against_all_pairs[2]" time="0.005" /><testcase classname="tests.test_geometry" name="test_calipers_against_all_pairs[3]" time="0.003" /><testcase classname="tests.test_geometry" name="test_calipers_against_all_pairs[4]" time="0.004" /><testcase classname="tests.test_geometry" name="test_calipers_against_all_pairs[5]" time="0.003" /><testcase classname="tests.test_geometry" name="test_calipers_against_all_pairs[6]" time="0.003" /><testcase classname="tests.test_geometry" name="test_calipers_against_all_pairs[7]" time="0.004" /><testcase classname="tests.test_geometry" name="test_calipers_against_all_pairs[8]" time="0.003" /><testcase classname="tests.test_geometry" name="test_calipers_against_all_pairs[9]" time="0.003" /><testcase classname="tests.test_geometry" name="test_calipers_against_all_pairs[10]" time="0.004" /><testcase classname="tests.test_geometry" name="test_calipers_against_all_pairs[11]" time="0.003" /><testcase classname="tests.test_geometry" name="test_calipers_against_all_pairs[12]" time="0.004" /><testcase classname="tests.test_geometry" name="test_calipers_against_all_pairs[13]" time="0.003" /><testcase classname="tests.test_geometry" name="test_calipers_against_all_pairs[14]" time="0.003" /><testcase classname="tests.test_geometry" name="test_calipers_against_all_pairs[15]" time="0.004" /><testcase classname="tests.test_geometry" name="test_calipers_against_all_pairs[16]" time="0.003" /><testcase classname="tests.test_geometry" name="test_calipers_against_all_pairs[17]" time="0.003" /><testcase classname="tests.test_geometry" name="test_calipers_against_all_pairs[18]" time="0.004" /><testcase classname="tests.test_geometry" name="test_calipers_against_all_pairs[19]" time="0.003" /><testcase classname="tests.test_geometry" name="test_calipers_against_all_pairs[20]" time="0.003" /><testcase classname="tests.test_geometry" name="test_calipers_against_all_pairs[21]" time="0.003" /><testcase classname="tests.test_geometry" name="test_calipers_against_all_pairs[22]" time="0.004" /><testcase classname="tests.test_geometry" name="test_calipers_against_all_pairs[23]" time="0.003" /><testcase classname="tests.test_geometry" name="test_calipers_against_all_pairs[24]" time="0.003" /><testcase classname="tests.test_geometry" name="test_calipers_against_all_pairs[25]" time="0.003" /><testcase classname="tests.test_geometry" name="test_calipers_against_all_pairs[26]" time="0.004" /><testcase classname="tests.test_geometry" name="test_calipers_against_all_pairs[27]" time="0.003" /><testcase classname="tests.test_geometry" name="test_calipers_against_all_pairs[28]" time="0.003" /><testcase classname="tests.test_geometry" name="test_calipers_against_all_pairs[29]" time="0.003" /><testcase classname="tests.test_geometry" name="test_degeneracies_and_jung[p0]" time="0.289" /><testcase classname="tests.test_geometry" name="test_degeneracies_and_jung[p1]" time="0.001" /><testcase classname="tests.test_geometry" name="test_degeneracies_and_jung[p2]" time="0.001" /><testcase classname="tests.test_geometry" name="test_degeneracies_and_jung[p3]" time="0.001" /><testcase classname="tests.test_geometry" name="test_degeneracies_and_jung[p4]" time="0.001" /><testcase classname="tests.test_geometry" name="test_empty_is_not_zero" time="0.001" /><testcase classname="tests.test_geometry" name="test_unbounded_and_inconsistent" time="0.007" /><testcase classname="tests.test_geometry" name="test_two_observation_counterexample" time="0.003" /><testcase classname="tests.test_geometry" name="test_wrapping_and_outside_omega" time="0.021" /><testcase classname="tests.test_geometry" name="test_true_source_containment_and_nested_intervals[0]" time="0.005" /><testcase classname="tests.test_geometry" name="test_true_source_containment_and_nested_intervals[1]" time="0.005" /><testcase classname="tests.test_geometry" name="test_true_source_containment_and_nested_intervals[2]" time="0.006" /><testcase classname="tests.test_geometry" name="test_true_source_containment_and_nested_intervals[3]" time="0.005" /><testcase classname="tests.test_geometry" name="test_true_source_containment_and_nested_intervals[4]" time="0.003" /><testcase classname="tests.test_geometry" name="test_true_source_containment_and_nested_intervals[5]" time="0.006" /><testcase classname="tests.test_geometry" name="test_true_source_containment_and_nested_intervals[6]" time="0.005" /><testcase classname="tests.test_geometry" name="test_true_source_containment_and_nested_intervals[7]" time="0.007" /><testcase classname="tests.test_geometry" name="test_true_source_containment_and_nested_intervals[8]" time="0.006" /><testcase classname="tests.test_geometry" name="test_true_source_containment_and_nested_intervals[9]" time="0.006" /><testcase classname="tests.test_geometry" name="test_true_source_containment_and_nested_intervals[10]" time="0.005" /><testcase classname="tests.test_geometry" name="test_true_source_containment_and_nested_intervals[11]" time="0.005" /><testcase classname="tests.test_geometry" name="test_true_source_containment_and_nested_intervals[12]" time="0.006" /><testcase classname="tests.test_geometry" name="test_true_source_containment_and_nested_intervals[13]" time="0.005" /><testcase classname="tests.test_geometry" name="test_true_source_containment_and_nested_intervals[14]" time="0.006" /><testcase classname="tests.test_geometry" name="test_true_source_containment_and_nested_intervals[15]" time="0.004" /><testcase classname="tests.test_geometry" name="test_true_source_containment_and_nested_intervals[16]" time="0.006" /><testcase classname="tests.test_geometry" name="test_true_source_containment_and_nested_intervals[17]" time="0.005" /><testcase classname="tests.test_geometry" name="test_true_source_containment_and_nested_intervals[18]" time="0.004" /><testcase classname="tests.test_geometry" name="test_true_source_containment_and_nested_intervals[19]" time="0.005" /><testcase classname="tests.test_geometry" name="test_disk_bracket_active_arc" time="0.004" /><testcase classname="tests.test_policy_proof" name="test_trig_interval[-720]" time="0.140" /><testcase classname="tests.test_policy_proof" name="test_trig_interval[-675]" time="0.002" /><testcase classname="tests.test_policy_proof" name="test_trig_interval[-630]" time="0.002" /><testcase classname="tests.test_policy_proof" name="test_trig_interval[-585]" time="0.001" /><testcase classname="tests.test_policy_proof" name="test_trig_interval[-540]" time="0.002" /><testcase classname="tests.test_policy_proof" name="test_trig_interval[-495]" time="0.003" /><testcase classname="tests.test_policy_proof" name="test_trig_interval[-450]" time="0.002" /><testcase classname="tests.test_policy_proof" name="test_trig_interval[-405]" time="0.001" /><testcase classname="tests.test_policy_proof" name="test_trig_interval[-360]" time="0.001" /><testcase classname="tests.test_policy_proof" name="test_trig_interval[-315]" time="0.001" /><testcase classname="tests.test_policy_proof" name="test_trig_interval[-270]" time="0.002" /><testcase classname="tests.test_policy_proof" name="test_trig_interval[-225]" time="0.001" /><testcase classname="tests.test_policy_proof" name="test_trig_interval[-180]" time="0.001" /><testcase classname="tests.test_policy_proof" name="test_trig_interval[-135]" time="0.001" /><testcase classname="tests.test_policy_proof" name="test_trig_interval[-90]" time="0.001" /><testcase classname="tests.test_policy_proof" name="test_trig_interval[-45]" time="0.001" /><testcase classname="tests.test_policy_proof" name="test_trig_interval[0]" time="0.001" /><testcase classname="tests.test_policy_proof" name="test_trig_interval[45]" time="0.001" /><testcase classname="tests.test_policy_proof" name="test_trig_interval[90]" time="0.002" /><testcase classname="tests.test_policy_proof" name="test_trig_interval[135]" time="0.002" /><testcase classname="tests.test_policy_proof" name="test_trig_interval[180]" time="0.001" /><testcase classname="tests.test_policy_proof" name="test_trig_interval[225]" time="0.002" /><testcase classname="tests.test_policy_proof" name="test_trig_interval[270]" time="0.001" /><testcase classname="tests.test_policy_proof" name="test_trig_interval[315]" time="0.001" /><testcase classname="tests.test_policy_proof" name="test_trig_interval[360]" time="0.001" /><testcase classname="tests.test_policy_proof" name="test_trig_interval[405]" time="0.001" /><testcase classname="tests.test_policy_proof" name="test_trig_interval[450]" time="0.002" /><testcase classname="tests.test_policy_proof" name="test_trig_interval[495]" time="0.001" /><testcase classname="tests.test_policy_proof" name="test_trig_interval[540]" time="0.001" /><testcase classname="tests.test_policy_proof" name="test_trig_interval[585]" time="0.002" /><testcase classname="tests.test_policy_proof" name="test_trig_interval[630]" time="0.001" /><testcase classname="tests.test_policy_proof" name="test_trig_interval[675]" time="0.001" /><testcase classname="tests.test_policy_proof" name="test_trig_interval[720]" time="0.002" /><testcase classname="tests.test_policy_proof" name="test_interval_outward" time="0.001" /><testcase classname="tests.test_policy_proof" name="test_complete_global_proof" time="0.352" /><testcase classname="tests.test_policy_proof" name="test_constants_agree_with_proof" time="0.001" /><testcase classname="tests.test_policy_proof" name="test_universal_safe_rotation[s10-0]" time="0.001" /><testcase classname="tests.test_policy_proof" name="test_universal_safe_rotation[s10-1]" time="0.001" /><testcase classname="tests.test_policy_proof" name="test_universal_safe_rotation[s10-45]" time="0.001" /><testcase classname="tests.test_policy_proof" name="test_universal_safe_rotation[s10-179.999]" time="0.001" /><testcase classname="tests.test_policy_proof" name="test_universal_safe_rotation[s10-180]" time="0.001" /><testcase classname="tests.test_policy_proof" name="test_universal_safe_rotation[s10-270]" time="0.001" /><testcase classname="tests.test_policy_proof" name="test_universal_safe_rotation[s10-359.999]" time="0.001" /><testcase classname="tests.test_policy_proof" name="test_universal_safe_rotation[s10--720]" time="0.001" /><testcase classname="tests.test_policy_proof" name="test_universal_safe_rotation[s11-0]" time="0.001" /><testcase classname="tests.test_policy_proof" name="test_universal_safe_rotation[s11-1]" time="0.001" /><testcase classname="tests.test_policy_proof" name="test_universal_safe_rotation[s11-45]" time="0.001" /><testcase classname="tests.test_policy_proof" name="test_universal_safe_rotation[s11-179.999]" time="0.001" /><testcase classname="tests.test_policy_proof" name="test_universal_safe_rotation[s11-180]" time="0.001" /><testcase classname="tests.test_policy_proof" name="test_universal_safe_rotation[s11-270]" time="0.001" /><testcase classname="tests.test_policy_proof" name="test_universal_safe_rotation[s11-359.999]" time="0.001" /><testcase classname="tests.test_policy_proof" name="test_universal_safe_rotation[s11--720]" time="0.001" /><testcase classname="tests.test_policy_proof" name="test_universal_safe_rotation[s12-0]" time="0.001" /><testcase classname="tests.test_policy_proof" name="test_universal_safe_rotation[s12-1]" time="0.001" /><testcase classname="tests.test_policy_proof" name="test_universal_safe_rotation[s12-45]" time="0.001" /><testcase classname="tests.test_policy_proof" name="test_universal_safe_rotation[s12-179.999]" time="0.001" /><testcase classname="tests.test_policy_proof" name="test_universal_safe_rotation[s12-180]" time="0.001" /><testcase classname="tests.test_policy_proof" name="test_universal_safe_rotation[s12-270]" time="0.001" /><testcase classname="tests.test_policy_proof" name="test_universal_safe_rotation[s12-359.999]" time="0.001" /><testcase classname="tests.test_policy_proof" name="test_universal_safe_rotation[s12--720]" time="0.001" /><testcase classname="tests.test_policy_proof" name="test_active_case_matches_global_value" time="0.005" /><testcase classname="tests.test_policy_proof" name="test_candidate_box_reception_filter" time="0.001" /><testcase classname="tests.test_policy_proof" name="test_no_truth_argument" time="0.001" /><testcase classname="tests.test_repository_integration" name="test_entry_from_unrelated_directory[run.py-args0]" time="2.622" /><testcase classname="tests.test_repository_integration" name="test_entry_from_unrelated_directory[run.py-args1]" time="2.261" /><testcase classname="tests.test_repository_integration" name="test_entry_from_unrelated_directory[run.py-args2]" time="2.234" /><testcase classname="tests.test_repository_integration" name="test_entry_from_unrelated_directory[\u89e3\u9898\u5e93/\u7b2c\u4e00\u95ee/run.py-args3]" time="2.540" /><testcase classname="tests.test_repository_integration" name="test_entry_from_unrelated_directory[\u89e3\u9898\u5e93/\u7b2c\u4e8c\u95ee/run.py-args4]" time="2.208" /></testsuite></testsuites>